(0000) 3000  0011000000000000 (   1)                 .ORIG x3000
(3000) 5260  0101001001100000 (   2)                 AND   R1 R1 #0
(3001) 5920  0101100100100000 (   3)                 AND   R4 R4 #0
(3002) E034  1110000000110100 (   4)                 LEA   R0 prompt
(3003) F022  1111000000100010 (   5)                 TRAP  x22
(3004) F020  1111000000100000 (   7) loop            TRAP  x20
(3005) F021  1111000000100001 (   8)                 TRAP  x21
(3006) 1921  0001100100100001 (   9)                 ADD   R4 R4 #1
(3007) 2E3C  0010111000111100 (  10)                 LD    R7 nlcomp
(3008) 1FC0  0001111111000000 (  11)                 ADD   R7 R7 R0
(3009) 0402  0000010000000010 (  12)                 BRZ   finish
(300A) 3004  0011000000000100 (  13)                 ST    R0 lets
(300B) 0FF8  0000111111111000 (  14)                 BRNZP loop
(300C) E002  1110000000000010 (  17) finish          LEA   R0 lets
(300D) F022  1111000000100010 (  18)                 TRAP  x22
(300E) F025  1111000000100101 (  19)                 TRAP  x25
(300F) 0000  0000000000000000 (  22) lets            .FILL x0000
(3010) 0000  0000000000000000 (  22)                 .FILL x0000
(3011) 0000  0000000000000000 (  22)                 .FILL x0000
(3012) 0000  0000000000000000 (  22)                 .FILL x0000
(3013) 0000  0000000000000000 (  22)                 .FILL x0000
(3014) 0000  0000000000000000 (  22)                 .FILL x0000
(3015) 0000  0000000000000000 (  22)                 .FILL x0000
(3016) 0000  0000000000000000 (  22)                 .FILL x0000
(3017) 0000  0000000000000000 (  22)                 .FILL x0000
(3018) 0000  0000000000000000 (  22)                 .FILL x0000
(3019) 0000  0000000000000000 (  22)                 .FILL x0000
(301A) 0000  0000000000000000 (  22)                 .FILL x0000
(301B) 0000  0000000000000000 (  22)                 .FILL x0000
(301C) 0000  0000000000000000 (  22)                 .FILL x0000
(301D) 0000  0000000000000000 (  22)                 .FILL x0000
(301E) 0000  0000000000000000 (  22)                 .FILL x0000
(301F) 0000  0000000000000000 (  22)                 .FILL x0000
(3020) 0000  0000000000000000 (  22)                 .FILL x0000
(3021) 0000  0000000000000000 (  22)                 .FILL x0000
(3022) 0000  0000000000000000 (  22)                 .FILL x0000
(3023) 0000  0000000000000000 (  23) place           .FILL x0000
(3024) 0000  0000000000000000 (  23)                 .FILL x0000
(3025) 0000  0000000000000000 (  23)                 .FILL x0000
(3026) 0000  0000000000000000 (  23)                 .FILL x0000
(3027) 0000  0000000000000000 (  23)                 .FILL x0000
(3028) 0000  0000000000000000 (  23)                 .FILL x0000
(3029) 0000  0000000000000000 (  23)                 .FILL x0000
(302A) 0000  0000000000000000 (  23)                 .FILL x0000
(302B) 0000  0000000000000000 (  23)                 .FILL x0000
(302C) 0000  0000000000000000 (  23)                 .FILL x0000
(302D) 0000  0000000000000000 (  23)                 .FILL x0000
(302E) 0000  0000000000000000 (  23)                 .FILL x0000
(302F) 0000  0000000000000000 (  23)                 .FILL x0000
(3030) 0000  0000000000000000 (  23)                 .FILL x0000
(3031) 0000  0000000000000000 (  23)                 .FILL x0000
(3032) 0000  0000000000000000 (  23)                 .FILL x0000
(3033) 0000  0000000000000000 (  23)                 .FILL x0000
(3034) 0000  0000000000000000 (  23)                 .FILL x0000
(3035) 0000  0000000000000000 (  23)                 .FILL x0000
(3036) 0000  0000000000000000 (  23)                 .FILL x0000
(3037) 0045  0000000001000101 (  23) prompt          .FILL x0045
(3038) 006D  0000000001101101 (  23)                 .FILL x006D
(3039) 0074  0000000001110100 (  23)                 .FILL x0074
(303A) 0065  0000000001100101 (  23)                 .FILL x0065
(303B) 0072  0000000001110010 (  23)                 .FILL x0072
(303C) 0020  0000000000100000 (  23)                 .FILL x0020
(303D) 0053  0000000001010011 (  23)                 .FILL x0053
(303E) 0074  0000000001110100 (  23)                 .FILL x0074
(303F) 0072  0000000001110010 (  23)                 .FILL x0072
(3040) 0069  0000000001101001 (  23)                 .FILL x0069
(3041) 006E  0000000001101110 (  23)                 .FILL x006E
(3042) 0067  0000000001100111 (  23)                 .FILL x0067
(3043) 0000  0000000000000000 (  23)                 .FILL x0000
(3044) FFF6  1111111111110110 (  24) nlcomp          .FILL xFFF6
