(0000) 3000  0011000000000000 (   3)                 .ORIG x3000
(3000) 5260  0101001001100000 (   4)                 AND   R1 R1 #0
(3001) E00F  1110000000001111 (   5)                 LEA   R0 prompt
(3002) F022  1111000000100010 (   6)                 TRAP  x22
(3003) F020  1111000000100000 (   8) loop            TRAP  x20
(3004) F021  1111000000100001 (   9)                 TRAP  x21
(3005) 2E15  0010111000010101 (  10)                 LD    R7 nlcomp
(3006) 1FC0  0001111111000000 (  11)                 ADD   R7 R7 R0
(3007) 0406  0000010000000110 (  12)                 BRZ   eol
(3008) 2E11  0010111000010001 (  13)                 LD    R7 chr0
(3009) 1FC0  0001111111000000 (  14)                 ADD   R7 R7 R0
(300A) 1441  0001010001000001 (  15)                 ADD   R2 R1 R1
(300B) 1902  0001100100000010 (  17)                 ADD   R4 R4 R2
(300C) 1307  0001001100000111 (  18)                 ADD   R1 R4 R7
(300D) 0FF5  0000111111110101 (  19)                 BRNZP loop
(300E) 3201  0011001000000001 (  21) eol             ST    R1 value
(300F) F025  1111000000100101 (  22)                 TRAP  x25
(3010) 0000  0000000000000000 (  25) value           .FILL x0000
(3011) 0045  0000000001000101 (  25) prompt          .FILL x0045
(3012) 006E  0000000001101110 (  25)                 .FILL x006E
(3013) 0074  0000000001110100 (  25)                 .FILL x0074
(3014) 0065  0000000001100101 (  25)                 .FILL x0065
(3015) 0072  0000000001110010 (  25)                 .FILL x0072
(3016) 0020  0000000000100000 (  25)                 .FILL x0020
(3017) 0023  0000000000100011 (  25)                 .FILL x0023
(3018) 003A  0000000000111010 (  25)                 .FILL x003A
(3019) 0000  0000000000000000 (  25)                 .FILL x0000
(301A) FFD0  1111111111010000 (  26) chr0            .FILL xFFD0
(301B) FFF3  1111111111110011 (  27) nlcomp          .FILL xFFF3
