(0000) 3000  0011000000000000 (   3)                 .ORIG x3000
(3000) 54A0  0101010010100000 (   4)                 AND   R2 R2 #0
(3001) E611  1110011000010001 (   5)                 LEA   R3 file
(3002) 62C0  0110001011000000 (   6)                 LDR   R1 R3 #0
(3003) 187C  0001100001111100 (   8) loop            ADD   R4 R1 #-4
(3004) 0408  0000010000001000 (   9)                 BRZ   enddata
(3005) 927F  1001001001111111 (  10)                 NOT   R1 R1
(3006) 1261  0001001001100001 (  11)                 ADD   R1 R1 #1
(3007) 1240  0001001001000000 (  12)                 ADD   R1 R1 R0
(3008) 0A01  0000101000000001 (  13)                 BRNP  next
(3009) 14A1  0001010010100001 (  14)                 ADD   R2 R2 #1
(300A) 16E1  0001011011100001 (  16) next            ADD   R3 R3 #1
(300B) 62C0  0110001011000000 (  17)                 LDR   R1 R3 #0
(300C) 0FF6  0000111111110110 (  18)                 BRNZP loop
(300D) 2003  0010000000000011 (  20) enddata         LD    R0 char
(300E) 1002  0001000000000010 (  21)                 ADD   R0 R0 R2
(300F) F021  1111000000100001 (  22)                 TRAP  x21
(3010) F025  1111000000100101 (  23)                 TRAP  x25
(3011) 0030  0000000000110000 (  25) char            .FILL x0030
(3012) 0000  0000000000000000 (  27) x               .FILL x0000
(3013) 0061  0000000001100001 (  27) file            .FILL x0061
(3014) 0062  0000000001100010 (  27)                 .FILL x0062
(3015) 0063  0000000001100011 (  27)                 .FILL x0063
(3016) 0078  0000000001111000 (  27)                 .FILL x0078
(3017) 0064  0000000001100100 (  27)                 .FILL x0064
(3018) 0065  0000000001100101 (  27)                 .FILL x0065
(3019) 0066  0000000001100110 (  27)                 .FILL x0066
(301A) 0061  0000000001100001 (  27)                 .FILL x0061
(301B) 0062  0000000001100010 (  27)                 .FILL x0062
(301C) 0065  0000000001100101 (  27)                 .FILL x0065
(301D) 0066  0000000001100110 (  27)                 .FILL x0066
(301E) 0000  0000000000000000 (  27)                 .FILL x0000
(301F) 0004  0000000000000100 (  28) eot             .FILL x0004
