(0000) 3000  0011000000000000 (   3)                 .ORIG x3000
(3000) 5DA0  0101110110100000 (   4)                 AND   R6 R6 #0
(3001) 2A2F  0010101000101111 (   5)                 LD    R5 negch0
(3002) E021  1110000000100001 (   7) loop            LEA   R0 prompt
(3003) F022  1111000000100010 (   8)                 TRAP  x22
(3004) F020  1111000000100000 (   9)                 TRAP  x20
(3005) F021  1111000000100001 (  10)                 TRAP  x21
(3006) 1005  0001000000000101 (  11)                 ADD   R0 R0 R5
(3007) 0404  0000010000000100 (  12)                 BRZ   finish
(3008) 1D80  0001110110000000 (  13)                 ADD   R6 R6 R0
(3009) 2028  0010000000101000 (  14)                 LD    R0 nl
(300A) F021  1111000000100001 (  15)                 TRAP  x21
(300B) 0FF6  0000111111110110 (  16)                 BRNZP loop
(300C) 3C26  0011110000100110 (  18) finish          ST    R6 sum
(300D) E002  1110000000000010 (  19)                 LEA   R0 msg
(300E) F022  1111000000100010 (  20)                 TRAP  x22
(300F) F025  1111000000100101 (  21)                 TRAP  x25
(3010) 000A  0000000000001010 (  23) msg             .FILL x000A
(3011) 000A  0000000000001010 (  23)                 .FILL x000A
(3012) 0050  0000000001010000 (  23)                 .FILL x0050
(3013) 0072  0000000001110010 (  23)                 .FILL x0072
(3014) 006F  0000000001101111 (  23)                 .FILL x006F
(3015) 0067  0000000001100111 (  23)                 .FILL x0067
(3016) 0072  0000000001110010 (  23)                 .FILL x0072
(3017) 0061  0000000001100001 (  23)                 .FILL x0061
(3018) 006D  0000000001101101 (  23)                 .FILL x006D
(3019) 0020  0000000000100000 (  23)                 .FILL x0020
(301A) 0066  0000000001100110 (  23)                 .FILL x0066
(301B) 0069  0000000001101001 (  23)                 .FILL x0069
(301C) 006E  0000000001101110 (  23)                 .FILL x006E
(301D) 0069  0000000001101001 (  23)                 .FILL x0069
(301E) 0073  0000000001110011 (  23)                 .FILL x0073
(301F) 0068  0000000001101000 (  23)                 .FILL x0068
(3020) 0065  0000000001100101 (  23)                 .FILL x0065
(3021) 0064  0000000001100100 (  23)                 .FILL x0064
(3022) 002E  0000000000101110 (  23)                 .FILL x002E
(3023) 0000  0000000000000000 (  23)                 .FILL x0000
(3024) 0045  0000000001000101 (  24) prompt          .FILL x0045
(3025) 006E  0000000001101110 (  24)                 .FILL x006E
(3026) 0074  0000000001110100 (  24)                 .FILL x0074
(3027) 0065  0000000001100101 (  24)                 .FILL x0065
(3028) 0072  0000000001110010 (  24)                 .FILL x0072
(3029) 0020  0000000000100000 (  24)                 .FILL x0020
(302A) 0064  0000000001100100 (  24)                 .FILL x0064
(302B) 0069  0000000001101001 (  24)                 .FILL x0069
(302C) 0067  0000000001100111 (  24)                 .FILL x0067
(302D) 0069  0000000001101001 (  24)                 .FILL x0069
(302E) 0074  0000000001110100 (  24)                 .FILL x0074
(302F) 003A  0000000000111010 (  24)                 .FILL x003A
(3030) 0000  0000000000000000 (  24)                 .FILL x0000
(3031) FFD0  1111111111010000 (  25) negch0          .FILL xFFD0
(3032) 000A  0000000000001010 (  26) nl              .FILL x000A
(3033) 0000  0000000000000000 (  28) sum             .FILL x0000
