(0000) 3000  0011000000000000 (   3)                 .ORIG x3000
(3000) 2E24  0010111000100100 (   4)                 LD    R7 nbr
(3001) EC24  1110110000100100 (   5)                 LEA   R6 buffer
(3002) 1DA7  0001110110100111 (   6)                 ADD   R6 R6 #7
(3003) 2A2B  0010101000101011 (   7)                 LD    R5 char0
(3004) 5020  0101000000100000 (   9) loop1           AND   R0 R0 #0
(3005) 1FF6  0001111111110110 (  11) loop2           ADD   R7 R7 #-10
(3006) 0802  0000100000000010 (  12)                 BRN   remdr
(3007) 1021  0001000000100001 (  13)                 ADD   R0 R0 #1
(3008) 0FFC  0000111111111100 (  14)                 BRNZP loop2
(3009) 1FEA  0001111111101010 (  16) remdr           ADD   R7 R7 #10
(300A) 1FC5  0001111111000101 (  17)                 ADD   R7 R7 R5
(300B) 7F80  0111111110000000 (  18)                 STR   R7 R6 #0
(300C) 1E20  0001111000100000 (  19)                 ADD   R7 R0 #0
(300D) 0402  0000010000000010 (  20)                 BRZ   printit
(300E) 1DBF  0001110110111111 (  21)                 ADD   R6 R6 #-1
(300F) 0FF4  0000111111110100 (  22)                 BRNZP loop1
(3010) E004  1110000000000100 (  24) printit         LEA   R0 msg
(3011) F022  1111000000100010 (  25)                 TRAP  x22
(3012) 11A0  0001000110100000 (  26)                 ADD   R0 R6 #0
(3013) F022  1111000000100010 (  27)                 TRAP  x22
(3014) F025  1111000000100101 (  28)                 TRAP  x25
(3015) 0054  0000000001010100 (  30) msg             .FILL x0054
(3016) 0068  0000000001101000 (  30)                 .FILL x0068
(3017) 0065  0000000001100101 (  30)                 .FILL x0065
(3018) 0020  0000000000100000 (  30)                 .FILL x0020
(3019) 0069  0000000001101001 (  30)                 .FILL x0069
(301A) 006E  0000000001101110 (  30)                 .FILL x006E
(301B) 0074  0000000001110100 (  30)                 .FILL x0074
(301C) 0065  0000000001100101 (  30)                 .FILL x0065
(301D) 0067  0000000001100111 (  30)                 .FILL x0067
(301E) 0065  0000000001100101 (  30)                 .FILL x0065
(301F) 0072  0000000001110010 (  30)                 .FILL x0072
(3020) 0020  0000000000100000 (  30)                 .FILL x0020
(3021) 0069  0000000001101001 (  30)                 .FILL x0069
(3022) 0073  0000000001110011 (  30)                 .FILL x0073
(3023) 003A  0000000000111010 (  30)                 .FILL x003A
(3024) 0000  0000000000000000 (  30)                 .FILL x0000
(3025) 027A  0000001001111010 (  31) nbr             .FILL x027A
(3026) 0000  0000000000000000 (  33) buffer          .FILL x0000
(3027) 0000  0000000000000000 (  33)                 .FILL x0000
(3028) 0000  0000000000000000 (  33)                 .FILL x0000
(3029) 0000  0000000000000000 (  33)                 .FILL x0000
(302A) 0000  0000000000000000 (  33)                 .FILL x0000
(302B) 0000  0000000000000000 (  33)                 .FILL x0000
(302C) 0000  0000000000000000 (  33)                 .FILL x0000
(302D) 0000  0000000000000000 (  33)                 .FILL x0000
(302E) 0000  0000000000000000 (  33) null            .FILL x0000
(302F) 0030  0000000000110000 (  34) char0           .FILL x0030
