(0000) 00FB  0000000011111011 (   1)                 .ORIG x00FB
(00FB) 0100  0000000100000000 (  25)                 .FILL x0100
(00FC) 0127  0000000100100111 (  27)                 .FILL x0127
(00FD) 015E  0000000101011110 (  29)                 .FILL x015E
(00FE) 0168  0000000101101000 (  31)                 .FILL x0168
(00FF) 018A  0000000110001010 (  33)                 .FILL x018A
(0100) 3221  0011001000100001 (  46) GetIntProgram   ST    R1 SAVE1r1
(0101) 3421  0011010000100001 (  48)                 ST    R2 SAVE1r2
(0102) 3621  0011011000100001 (  50)                 ST    R3 SAVE1r3
(0103) 3821  0011100000100001 (  52)                 ST    R4 SAVE1r4
(0104) 3E21  0011111000100001 (  54)                 ST    R7 SAVE1r7
(0105) 5260  0101001001100000 (  56)                 AND   R1 R1 #0
(0106) 56E0  0101011011100000 (  58)                 AND   R3 R3 #0
(0107) 2419  0010010000011001 (  61)                 LD    R2 SUBAMT
(0108) F020  1111000000100000 (  64) GetIntNextNum   TRAP  x20
(0109) F021  1111000000100001 (  66)                 TRAP  x21
(010A) 1002  0001000000000010 (  68)                 ADD   R0 R0 R2
(010B) 0806  0000100000000110 (  70)                 BRN   GetIntNonnumeral
(010C) 1841  0001100001000001 (  72)                 ADD   R4 R1 R1
(010D) 1304  0001001100000100 (  74)                 ADD   R1 R4 R4
(010E) 1241  0001001001000001 (  76)                 ADD   R1 R1 R1
(010F) 1244  0001001001000100 (  78)                 ADD   R1 R1 R4
(0110) 1240  0001001001000000 (  80)                 ADD   R1 R1 R0
(0111) 0FF6  0000111111110110 (  82)                 BRNZP GetIntNextNum
(0112) 1023  0001000000100011 (  86) GetIntNonnumeral ADD   R0 R0 #3
(0113) 0802  0000100000000010 (  88)                 BRN   GetIntDoneInput
(0114) 96FF  1001011011111111 (  90)                 NOT   R3 R3
(0115) 0FF2  0000111111110010 (  92)                 BRNZP GetIntNextNum
(0116) 96FF  1001011011111111 (  95) GetIntDoneInput NOT   R3 R3
(0117) 0802  0000100000000010 (  97)                 BRN   GetIntDone
(0118) 927F  1001001001111111 (  99)                 NOT   R1 R1
(0119) 1261  0001001001100001 ( 101)                 ADD   R1 R1 #1
(011A) 507F  0101000001111111 ( 105) GetIntDone      AND   R0 R1 #-1
(011B) 2206  0010001000000110 ( 107)                 LD    R1 SAVE1r1
(011C) 2406  0010010000000110 ( 109)                 LD    R2 SAVE1r2
(011D) 2606  0010011000000110 ( 111)                 LD    R3 SAVE1r3
(011E) 2806  0010100000000110 ( 113)                 LD    R4 SAVE1r4
(011F) 2E06  0010111000000110 ( 115)                 LD    R7 SAVE1r7
(0120) C1C0  1100000111000000 ( 117)                 RET   
(0121) FFD0  1111111111010000 ( 119) SUBAMT          .FILL xFFD0
(0122) 0000  0000000000000000 ( 123) SAVE1r1         .FILL x0000
(0123) 0000  0000000000000000 ( 125) SAVE1r2         .FILL x0000
(0124) 0000  0000000000000000 ( 127) SAVE1r3         .FILL x0000
(0125) 0000  0000000000000000 ( 129) SAVE1r4         .FILL x0000
(0126) 0000  0000000000000000 ( 132) SAVE1r7         .FILL x0000
(0127) 3024  0011000000100100 ( 136) WriteIntProgram ST    R0 Save2r0
(0128) 3224  0011001000100100 ( 138)                 ST    R1 Save2r1
(0129) 3424  0011010000100100 ( 140)                 ST    R2 Save2r2
(012A) 3624  0011011000100100 ( 142)                 ST    R3 Save2r3
(012B) 3824  0011100000100100 ( 144)                 ST    R4 Save2r4
(012C) 3A24  0011101000100100 ( 146)                 ST    R5 Save2r5
(012D) 3E24  0011111000100100 ( 148)                 ST    R7 Save2r7
(012E) 5B60  0101101101100000 ( 151)                 AND   R5 R5 #0
(012F) 503F  0101000000111111 ( 153)                 AND   R0 R0 #-1
(0130) 0603  0000011000000011 ( 155)                 BRZP  WriteBegin
(0131) 9B7F  1001101101111111 ( 157)                 NOT   R5 R5
(0132) 903F  1001000000111111 ( 159)                 NOT   R0 R0
(0133) 1021  0001000000100001 ( 161)                 ADD   R0 R0 #1
(0134) 2420  0010010000100000 ( 166) WriteBegin      LD    R2 WriteIntBaseNum
(0135) E827  1110100000100111 ( 168)                 LEA   R4 NumAsStr
(0136) 221D  0010001000011101 ( 174) WriteDetNext    LD    R1 WriteIntBase
(0137) F0FF  1111000011111111 ( 176)                 TRAP  xFF
(0138) 563F  0101011000111111 ( 180)                 AND   R3 R0 #-1
(0139) 1042  0001000001000010 ( 182)                 ADD   R0 R1 R2
(013A) 193F  0001100100111111 ( 187)                 ADD   R4 R4 #-1
(013B) 7100  0111000100000000 ( 189)                 STR   R0 R4 #0
(013C) 50FF  0101000011111111 ( 193)                 AND   R0 R3 #-1
(013D) 03F8  0000001111111000 ( 196)                 BRP   WriteDetNext
(013E) 9B7F  1001101101111111 ( 200)                 NOT   R5 R5
(013F) 0A02  0000101000000010 ( 202)                 BRNP  WritePuts
(0140) 2012  0010000000010010 ( 204)                 LD    R0 NegSign
(0141) F021  1111000000100001 ( 206)                 TRAP  x21
(0142) 513F  0101000100111111 ( 209) WritePuts       AND   R0 R4 #-1
(0143) F022  1111000000100010 ( 211)                 TRAP  x22
(0144) 2007  0010000000000111 ( 221)                 LD    R0 Save2r0
(0145) 2207  0010001000000111 ( 223)                 LD    R1 Save2r1
(0146) 2407  0010010000000111 ( 225)                 LD    R2 Save2r2
(0147) 2607  0010011000000111 ( 227)                 LD    R3 Save2r3
(0148) 2807  0010100000000111 ( 229)                 LD    R4 Save2r4
(0149) 2A07  0010101000000111 ( 231)                 LD    R5 Save2r5
(014A) 2E07  0010111000000111 ( 233)                 LD    R7 Save2r7
(014B) C1C0  1100000111000000 ( 235)                 RET   
(014C) 0000  0000000000000000 ( 239) Save2r0         .FILL x0000
(014D) 0000  0000000000000000 ( 241) Save2r1         .FILL x0000
(014E) 0000  0000000000000000 ( 243) Save2r2         .FILL x0000
(014F) 0000  0000000000000000 ( 245) Save2r3         .FILL x0000
(0150) 0000  0000000000000000 ( 247) Save2r4         .FILL x0000
(0151) 0000  0000000000000000 ( 249) Save2r5         .FILL x0000
(0152) 0000  0000000000000000 ( 251) Save2r7         .FILL x0000
(0153) 002D  0000000000101101 ( 251) NegSign         .FILL x002D
(0154) 000A  0000000000001010 ( 253) WriteIntBase    .FILL x000A
(0155) 0030  0000000000110000 ( 255) WriteIntBaseNum .FILL x0030
(0156) 0000  0000000000000000 ( 259)                 .FILL x0000
(0157) 0000  0000000000000000 ( 259)                 .FILL x0000
(0158) 0000  0000000000000000 ( 259)                 .FILL x0000
(0159) 0000  0000000000000000 ( 259)                 .FILL x0000
(015A) 0000  0000000000000000 ( 259)                 .FILL x0000
(015B) 0000  0000000000000000 ( 259)                 .FILL x0000
(015C) 0000  0000000000000000 ( 259)                 .FILL x0000
(015D) 0000  0000000000000000 ( 261) NumAsStr        .FILL x0000
(015E) 3207  0011001000000111 ( 265) SubProgram      ST    R1 Save5r1
(015F) 3E07  0011111000000111 ( 267)                 ST    R7 Save5r7
(0160) 927F  1001001001111111 ( 269)                 NOT   R1 R1
(0161) 1261  0001001001100001 ( 271)                 ADD   R1 R1 #1
(0162) 1001  0001000000000001 ( 273)                 ADD   R0 R0 R1
(0163) 2202  0010001000000010 ( 275)                 LD    R1 Save5r1
(0164) 2E02  0010111000000010 ( 277)                 LD    R7 Save5r7
(0165) C1C0  1100000111000000 ( 279)                 RET   
(0166) 0000  0000000000000000 ( 283) Save5r1         .FILL x0000
(0167) 0000  0000000000000000 ( 286) Save5r7         .FILL x0000
(0168) 321B  0011001000011011 ( 290) MultiplyProgram ST    R1 SAVE3r1
(0169) 341B  0011010000011011 ( 292)                 ST    R2 SAVE3r2
(016A) 361B  0011011000011011 ( 294)                 ST    R3 SAVE3r3
(016B) 381B  0011100000011011 ( 296)                 ST    R4 SAVE3r4
(016C) 3E1B  0011111000011011 ( 298)                 ST    R7 SAVE3r7
(016D) 503F  0101000000111111 ( 301)                 AND   R0 R0 #-1
(016E) 0604  0000011000000100 ( 303)                 BRZP  MultNoChange
(016F) 903F  1001000000111111 ( 305)                 NOT   R0 R0
(0170) 1021  0001000000100001 ( 307)                 ADD   R0 R0 #1
(0171) 927F  1001001001111111 ( 309)                 NOT   R1 R1
(0172) 1261  0001001001100001 ( 311)                 ADD   R1 R1 #1
(0173) 54A0  0101010010100000 ( 316) MultNoChange    AND   R2 R2 #0
(0174) 56E0  0101011011100000 ( 318)                 AND   R3 R3 #0
(0175) 16E1  0001011011100001 ( 320)                 ADD   R3 R3 #1
(0176) 5803  0101100000000011 ( 324) DoNextMult      AND   R4 R0 R3
(0177) 0401  0000010000000001 ( 326)                 BRZ   MultNext
(0178) 1481  0001010010000001 ( 328)                 ADD   R2 R2 R1
(0179) 1241  0001001001000001 ( 332) MultNext        ADD   R1 R1 R1
(017A) 16C3  0001011011000011 ( 335)                 ADD   R3 R3 R3
(017B) 0801  0000100000000001 ( 337)                 BRN   DoneMult
(017C) 0FF9  0000111111111001 ( 339)                 BRNZP DoNextMult
(017D) 50BF  0101000010111111 ( 343) DoneMult        AND   R0 R2 #-1
(017E) 2205  0010001000000101 ( 345)                 LD    R1 SAVE3r1
(017F) 2405  0010010000000101 ( 347)                 LD    R2 SAVE3r2
(0180) 2605  0010011000000101 ( 349)                 LD    R3 SAVE3r3
(0181) 2805  0010100000000101 ( 351)                 LD    R4 SAVE3r4
(0182) 2E05  0010111000000101 ( 353)                 LD    R7 SAVE3r7
(0183) C1C0  1100000111000000 ( 355)                 RET   
(0184) 0000  0000000000000000 ( 359) SAVE3r1         .FILL x0000
(0185) 0000  0000000000000000 ( 361) SAVE3r2         .FILL x0000
(0186) 0000  0000000000000000 ( 363) SAVE3r3         .FILL x0000
(0187) 0000  0000000000000000 ( 365) SAVE3r4         .FILL x0000
(0188) 0000  0000000000000000 ( 367) SAVE3r7         .FILL x0000
(0189) 8000  1000000000000000 ( 367) LastMult        .FILL x8000
(018A) 3436  0011010000110110 ( 374) DivideProgram   ST    R2 SAVE4r2
(018B) 3636  0011011000110110 ( 376)                 ST    R3 SAVE4r3
(018C) 3836  0011100000110110 ( 378)                 ST    R4 SAVE4r4
(018D) 3A36  0011101000110110 ( 380)                 ST    R5 SAVE4r5
(018E) 3E36  0011111000110110 ( 382)                 ST    R7 SAVE4r7
(018F) 5B60  0101101101100000 ( 385)                 AND   R5 R5 #0
(0190) 503F  0101000000111111 ( 388)                 AND   R0 R0 #-1
(0191) 0603  0000011000000011 ( 390)                 BRZP  x0195
(0192) 9B7F  1001101101111111 ( 392)                 NOT   R5 R5
(0193) 903F  1001000000111111 ( 394)                 NOT   R0 R0
(0194) 1021  0001000000100001 ( 396)                 ADD   R0 R0 #1
(0195) E430  1110010000110000 ( 399)                 LEA   R2 DivideNumbers
(0196) 14A2  0001010010100010 ( 401)                 ADD   R2 R2 #2
(0197) 527F  0101001001111111 ( 404)                 AND   R1 R1 #-1
(0198) 0602  0000011000000010 ( 406)                 BRZP  x019B
(0199) 9B7F  1001101101111111 ( 408)                 NOT   R5 R5
(019A) 0E02  0000111000000010 ( 410)                 BRNZP x019D
(019B) 927F  1001001001111111 ( 412)                 NOT   R1 R1
(019C) 1261  0001001001100001 ( 414)                 ADD   R1 R1 #1
(019D) 5920  0101100100100000 ( 417)                 AND   R4 R4 #0
(019E) 56E0  0101011011100000 ( 420)                 AND   R3 R3 #0
(019F) 16E1  0001011011100001 ( 422)                 ADD   R3 R3 #1
(01A0) 7280  0111001010000000 ( 427) DivideStoreNext STR   R1 R2 #0
(01A1) 7681  0111011010000001 ( 429)                 STR   R3 R2 #1
(01A2) 1241  0001001001000001 ( 431)                 ADD   R1 R1 R1
(01A3) 0603  0000011000000011 ( 432)                 BRZP  StartDivision
(01A4) 14A2  0001010010100010 ( 434)                 ADD   R2 R2 #2
(01A5) 16C3  0001011011000011 ( 435)                 ADD   R3 R3 R3
(01A6) 0FF9  0000111111111001 ( 437)                 BRNZP DivideStoreNext
(01A7) 6280  0110001010000000 ( 441) StartDivision   LDR   R1 R2 #0
(01A8) 060A  0000011000001010 ( 443)                 BRZP  DoneDivision
(01A9) 1001  0001000000000001 ( 445)                 ADD   R0 R0 R1
(01AA) 0604  0000011000000100 ( 447)                 BRZP  DivideNumFits
(01AB) 927F  1001001001111111 ( 449)                 NOT   R1 R1
(01AC) 1261  0001001001100001 ( 451)                 ADD   R1 R1 #1
(01AD) 1001  0001000000000001 ( 453)                 ADD   R0 R0 R1
(01AE) 0E02  0000111000000010 ( 455)                 BRNZP DivideNextNum
(01AF) 6681  0110011010000001 ( 458) DivideNumFits   LDR   R3 R2 #1
(01B0) 1903  0001100100000011 ( 460)                 ADD   R4 R4 R3
(01B1) 14BE  0001010010111110 ( 463) DivideNextNum   ADD   R2 R2 #-2
(01B2) 0FF4  0000111111110100 ( 465)                 BRNZP StartDivision
(01B3) 523F  0101001000111111 ( 468) DoneDivision    AND   R1 R0 #-1
(01B4) 513F  0101000100111111 ( 470)                 AND   R0 R4 #-1
(01B5) 9B7F  1001101101111111 ( 472)                 NOT   R5 R5
(01B6) 0A04  0000101000000100 ( 474)                 BRNP  x01BB
(01B7) 903F  1001000000111111 ( 476)                 NOT   R0 R0
(01B8) 1021  0001000000100001 ( 478)                 ADD   R0 R0 #1
(01B9) 927F  1001001001111111 ( 480)                 NOT   R1 R1
(01BA) 1261  0001001001100001 ( 482)                 ADD   R1 R1 #1
(01BB) 2405  0010010000000101 ( 485)                 LD    R2 SAVE4r2
(01BC) 2605  0010011000000101 ( 487)                 LD    R3 SAVE4r3
(01BD) 2805  0010100000000101 ( 489)                 LD    R4 SAVE4r4
(01BE) 2A05  0010101000000101 ( 491)                 LD    R5 SAVE4r5
(01BF) 2E05  0010111000000101 ( 493)                 LD    R7 SAVE4r7
(01C0) C1C0  1100000111000000 ( 495)                 RET   
(01C1) 0000  0000000000000000 ( 499) SAVE4r2         .FILL x0000
(01C2) 0000  0000000000000000 ( 501) SAVE4r3         .FILL x0000
(01C3) 0000  0000000000000000 ( 503) SAVE4r4         .FILL x0000
(01C4) 0000  0000000000000000 ( 505) SAVE4r5         .FILL x0000
(01C5) 0000  0000000000000000 ( 508) SAVE4r7         .FILL x0000
(01C6) 0000  0000000000000000 ( 510) DivideNumbers   .FILL x0000
(01C7) 0000  0000000000000000 ( 512)                 .FILL x0000
(01C8) 0000  0000000000000000 ( 516)                 .FILL x0000
(01C9) 0000  0000000000000000 ( 516)                 .FILL x0000
(01CA) 0000  0000000000000000 ( 516)                 .FILL x0000
(01CB) 0000  0000000000000000 ( 516)                 .FILL x0000
(01CC) 0000  0000000000000000 ( 516)                 .FILL x0000
(01CD) 0000  0000000000000000 ( 516)                 .FILL x0000
(01CE) 0000  0000000000000000 ( 516)                 .FILL x0000
(01CF) 0000  0000000000000000 ( 516)                 .FILL x0000
(01D0) 0000  0000000000000000 ( 516)                 .FILL x0000
(01D1) 0000  0000000000000000 ( 516)                 .FILL x0000
(01D2) 0000  0000000000000000 ( 516)                 .FILL x0000
(01D3) 0000  0000000000000000 ( 516)                 .FILL x0000
(01D4) 0000  0000000000000000 ( 516)                 .FILL x0000
(01D5) 0000  0000000000000000 ( 516)                 .FILL x0000
(01D6) 0000  0000000000000000 ( 516)                 .FILL x0000
(01D7) 0000  0000000000000000 ( 516)                 .FILL x0000
(01D8) 0000  0000000000000000 ( 516)                 .FILL x0000
(01D9) 0000  0000000000000000 ( 516)                 .FILL x0000
(01DA) 0000  0000000000000000 ( 516)                 .FILL x0000
(01DB) 0000  0000000000000000 ( 516)                 .FILL x0000
(01DC) 0000  0000000000000000 ( 516)                 .FILL x0000
(01DD) 0000  0000000000000000 ( 516)                 .FILL x0000
(01DE) 0000  0000000000000000 ( 516)                 .FILL x0000
(01DF) 0000  0000000000000000 ( 516)                 .FILL x0000
(01E0) 0000  0000000000000000 ( 516)                 .FILL x0000
(01E1) 0000  0000000000000000 ( 516)                 .FILL x0000
(01E2) 0000  0000000000000000 ( 516)                 .FILL x0000
(01E3) 0000  0000000000000000 ( 516)                 .FILL x0000
(01E4) 0000  0000000000000000 ( 516)                 .FILL x0000
(01E5) 0000  0000000000000000 ( 516)                 .FILL x0000
(01E6) 0000  0000000000000000 ( 516)                 .FILL x0000
(01E7) 0000  0000000000000000 ( 516)                 .FILL x0000
