(0000) 3000  0011000000000000 (   1)                 .ORIG x3000
(3000) 341B  0011010000011011 (   2) POP             ST    R2 stack2
(3001) 3219  0011001000011001 (   3)                 ST    R1 stack1
(3002) 2216  0010001000010110 (   4)                 LD    R1 nBASE
(3003) 127F  0001001001111111 (   5)                 ADD   R1 R1 #-1
(3004) 1D41  0001110101000001 (   6)                 ADD   R6 R5 R1
(3005) 040E  0000010000001110 (   7)                 BRZ   fail_exit
(3006) 6140  0110000101000000 (   8)                 LDR   R0 R5 #0
(3007) 1B61  0001101101100001 (   9)                 ADD   R5 R5 #1
(3008) 0E07  0000111000000111 (  10)                 BRNZP success_exit
(3009) 3412  0011010000010010 (  11) PUSH            ST    R2 stack2
(300A) 3210  0011001000010000 (  12)                 ST    R1 stack1
(300B) 220E  0010001000001110 (  13)                 LD    R1 nMAX
(300C) 1541  0001010101000001 (  14)                 ADD   R2 R5 R1
(300D) 0406  0000010000000110 (  15)                 BRZ   fail_exit
(300E) 1B7F  0001101101111111 (  16)                 ADD   R5 R5 #-1
(300F) 7140  0111000101000000 (  17)                 STR   R0 R5 #0
(3010) 220A  0010001000001010 (  18) success_exit    LD    R1 stack1
(3011) 240A  0010010000001010 (  19)                 LD    R2 stack2
(3012) 5920  0101100100100000 (  20)                 AND   R4 R4 #0
(3013) C1C0  1100000111000000 (  21)                 RET   
(3014) 2206  0010001000000110 (  22) fail_exit       LD    R1 stack1
(3015) 2406  0010010000000110 (  23)                 LD    R2 stack2
(3016) 5920  0101100100100000 (  24)                 AND   R4 R4 #0
(3017) 1921  0001100100100001 (  25)                 ADD   R4 R4 #1
(3018) C1C0  1100000111000000 (  26)                 RET   
(3019) C001  1100000000000001 (  27) nBASE           .FILL xC001
(301A) C005  1100000000000101 (  28) nMAX            .FILL xC005
(301B) 0000  0000000000000000 (  29) stack1          .FILL x0000
(301C) 0000  0000000000000000 (  30) stack2          .FILL x0000
