(0000) 3000  0011000000000000 (   5)                 .ORIG x3000
(3000) 2C45  0010110001000101 (   6)                 LD    R6 saddr
(3001) E010  1110000000010000 (   7)                 LEA   R0 ina
(3002) F022  1111000000100010 (   8)                 TRAP  x22
(3003) 4843  0100100001000011 (   9)                 JSR   gets
(3004) F022  1111000000100010 (  10)                 TRAP  x22
(3005) E00A  1110000000001010 (  11)                 LEA   R0 nl
(3006) F022  1111000000100010 (  12)                 TRAP  x22
(3007) E01B  1110000000011011 (  13)                 LEA   R0 echoms
(3008) F022  1111000000100010 (  14)                 TRAP  x22
(3009) 483D  0100100000111101 (  15)                 JSR   gets
(300A) F022  1111000000100010 (  16)                 TRAP  x22
(300B) E004  1110000000000100 (  17)                 LEA   R0 nl
(300C) F022  1111000000100010 (  18)                 TRAP  x22
(300D) E025  1110000000100101 (  19)                 LEA   R0 progovr
(300E) F022  1111000000100010 (  20)                 TRAP  x22
(300F) F025  1111000000100101 (  21)                 TRAP  x25
(3010) 000A  0000000000001010 (  23) nl              .FILL x000A
(3011) 0000  0000000000000000 (  23)                 .FILL x0000
(3012) 0045  0000000001000101 (  24) ina             .FILL x0045
(3013) 006E  0000000001101110 (  24)                 .FILL x006E
(3014) 0074  0000000001110100 (  24)                 .FILL x0074
(3015) 0065  0000000001100101 (  24)                 .FILL x0065
(3016) 0072  0000000001110010 (  24)                 .FILL x0072
(3017) 0020  0000000000100000 (  24)                 .FILL x0020
(3018) 0061  0000000001100001 (  24)                 .FILL x0061
(3019) 0020  0000000000100000 (  24)                 .FILL x0020
(301A) 0073  0000000001110011 (  24)                 .FILL x0073
(301B) 0074  0000000001110100 (  24)                 .FILL x0074
(301C) 0072  0000000001110010 (  24)                 .FILL x0072
(301D) 0069  0000000001101001 (  24)                 .FILL x0069
(301E) 006E  0000000001101110 (  24)                 .FILL x006E
(301F) 0067  0000000001100111 (  24)                 .FILL x0067
(3020) 003A  0000000000111010 (  24)                 .FILL x003A
(3021) 0020  0000000000100000 (  24)                 .FILL x0020
(3022) 0000  0000000000000000 (  24)                 .FILL x0000
(3023) 0054  0000000001010100 (  25) echoms          .FILL x0054
(3024) 0068  0000000001101000 (  25)                 .FILL x0068
(3025) 0065  0000000001100101 (  25)                 .FILL x0065
(3026) 0020  0000000000100000 (  25)                 .FILL x0020
(3027) 0073  0000000001110011 (  25)                 .FILL x0073
(3028) 0074  0000000001110100 (  25)                 .FILL x0074
(3029) 0072  0000000001110010 (  25)                 .FILL x0072
(302A) 0069  0000000001101001 (  25)                 .FILL x0069
(302B) 006E  0000000001101110 (  25)                 .FILL x006E
(302C) 0067  0000000001100111 (  25)                 .FILL x0067
(302D) 0020  0000000000100000 (  25)                 .FILL x0020
(302E) 0077  0000000001110111 (  25)                 .FILL x0077
(302F) 0061  0000000001100001 (  25)                 .FILL x0061
(3030) 0073  0000000001110011 (  25)                 .FILL x0073
(3031) 0020  0000000000100000 (  25)                 .FILL x0020
(3032) 0000  0000000000000000 (  25)                 .FILL x0000
(3033) 0050  0000000001010000 (  26) progovr         .FILL x0050
(3034) 0072  0000000001110010 (  26)                 .FILL x0072
(3035) 006F  0000000001101111 (  26)                 .FILL x006F
(3036) 0067  0000000001100111 (  26)                 .FILL x0067
(3037) 0072  0000000001110010 (  26)                 .FILL x0072
(3038) 0061  0000000001100001 (  26)                 .FILL x0061
(3039) 006D  0000000001101101 (  26)                 .FILL x006D
(303A) 0020  0000000000100000 (  26)                 .FILL x0020
(303B) 0066  0000000001100110 (  26)                 .FILL x0066
(303C) 0069  0000000001101001 (  26)                 .FILL x0069
(303D) 006E  0000000001101110 (  26)                 .FILL x006E
(303E) 0069  0000000001101001 (  26)                 .FILL x0069
(303F) 0073  0000000001110011 (  26)                 .FILL x0073
(3040) 0068  0000000001101000 (  26)                 .FILL x0068
(3041) 0065  0000000001100101 (  26)                 .FILL x0065
(3042) 0064  0000000001100100 (  26)                 .FILL x0064
(3043) 002E  0000000000101110 (  26)                 .FILL x002E
(3044) 000A  0000000000001010 (  26)                 .FILL x000A
(3045) 0000  0000000000000000 (  26)                 .FILL x0000
(3046) 4000  0100000000000000 (  27) saddr           .FILL x4000
(3047) 3411  0011010000010001 (  33) gets            ST    R2 saveR2
(3048) 3C11  0011110000010001 (  34)                 ST    R6 saveR6
(3049) 3E11  0011111000010001 (  35)                 ST    R7 saveR7
(304A) F020  1111000000100000 (  37) rloop           TRAP  x20
(304B) F021  1111000000100001 (  38)                 TRAP  x21
(304C) 240F  0010010000001111 (  39)                 LD    R2 eol
(304D) 1480  0001010010000000 (  40)                 ADD   R2 R2 R0
(304E) 0403  0000010000000011 (  41)                 BRZ   getexit
(304F) 7180  0111000110000000 (  42)                 STR   R0 R6 #0
(3050) 1DA1  0001110110100001 (  43)                 ADD   R6 R6 #1
(3051) 0FF8  0000111111111000 (  44)                 BRNZP rloop
(3052) 5020  0101000000100000 (  47) getexit         AND   R0 R0 #0
(3053) 7180  0111000110000000 (  48)                 STR   R0 R6 #0
(3054) 1DA1  0001110110100001 (  49)                 ADD   R6 R6 #1
(3055) 2403  0010010000000011 (  50)                 LD    R2 saveR2
(3056) 2003  0010000000000011 (  51)                 LD    R0 saveR6
(3057) 2E03  0010111000000011 (  52)                 LD    R7 saveR7
(3058) C1C0  1100000111000000 (  53)                 RET   
(3059) 0000  0000000000000000 (  56) saveR2          .FILL x0000
(305A) 0000  0000000000000000 (  57) saveR6          .FILL x0000
(305B) 0000  0000000000000000 (  58) saveR7          .FILL x0000
(305C) FFF3  1111111111110011 (  58) eol             .FILL xFFF3
