(0000) 3000  0011000000000000 (   1)                 .ORIG x3000
(3000) 5260  0101001001100000 (   3) loop            AND   R1 R1 #0
(3001) 54A0  0101010010100000 (   4)                 AND   R2 R2 #0
(3002) 5920  0101100100100000 (   5)                 AND   R4 R4 #0
(3003) E061  1110000001100001 (   6)                 LEA   R0 input
(3004) 2A4E  0010101001001110 (   7)                 LD    R5 b
(3005) F022  1111000000100010 (   8)                 TRAP  x22
(3006) F0FB  1111000011111011 (   9)                 TRAP  xFB
(3007) 047B  0000010001111011 (  10)                 BRZ   end
(3008) 1E20  0001111000100000 (  11)                 ADD   R7 R0 #0
(3009) 0826  0000100000100110 (  12)                 BRN   negative
(300A) 1E20  0001111000100000 (  13)                 ADD   R7 R0 #0
(300B) 0215  0000001000010101 (  14)                 BRP   positive
(300C) E049  1110000001001001 (  16) display         LEA   R0 cou
(300D) F022  1111000000100010 (  17)                 TRAP  x22
(300E) 5020  0101000000100000 (  18)                 AND   R0 R0 #0
(300F) 1060  0001000001100000 (  19)                 ADD   R0 R1 #0
(3010) F0FC  1111000011111100 (  20)                 TRAP  xFC
(3011) E042  1110000001000010 (  22)                 LEA   R0 n
(3012) F022  1111000000100010 (  23)                 TRAP  x22
(3013) 5260  0101001001100000 (  24)                 AND   R1 R1 #0
(3014) 54A0  0101010010100000 (  25)                 AND   R2 R2 #0
(3015) 0FEA  0000111111101010 (  26)                 BRNZP loop
(3016) E03F  1110000000111111 (  28) displayhex      LEA   R0 cou
(3017) F022  1111000000100010 (  29)                 TRAP  x22
(3018) 5020  0101000000100000 (  30)                 AND   R0 R0 #0
(3019) 1060  0001000001100000 (  31)                 ADD   R0 R1 #0
(301A) F022  1111000000100010 (  32)                 TRAP  x22
(301B) E038  1110000000111000 (  34)                 LEA   R0 n
(301C) F022  1111000000100010 (  35)                 TRAP  x22
(301D) 5260  0101001001100000 (  36)                 AND   R1 R1 #0
(301E) 54A0  0101010010100000 (  37)                 AND   R2 R2 #0
(301F) 5020  0101000000100000 (  38)                 AND   R0 R0 #0
(3020) 0FDF  0000111111011111 (  39)                 BRNZP loop
(3021) 1FF0  0001111111110000 (  47) positive        ADD   R7 R7 #-16
(3022) 0802  0000100000000010 (  48)                 BRN   remainp
(3023) 14A1  0001010010100001 (  49)                 ADD   R2 R2 #1
(3024) 0FFC  0000111111111100 (  50)                 BRNZP positive
(3025) 13C5  0001001111000101 (  52) remainp         ADD   R1 R7 R5
(3026) 1676  0001011001110110 (  54)                 ADD   R3 R1 #-10
(3027) 09E4  0000100111100100 (  55)                 BRN   display
(3028) 0610  0000011000010000 (  57)                 BRZP  convert
(3029) 14B0  0001010010110000 (  58)                 ADD   R2 R2 #-16
(302A) 0602  0000011000000010 (  59)                 BRZP  change
(302B) 14A0  0001010010100000 (  60)                 ADD   R2 R2 #0
(302C) 09DF  0000100111011111 (  61)                 BRN   display
(302D) 5FE0  0101111111100000 (  63) change          AND   R7 R7 #0
(302E) 1FC2  0001111111000010 (  64)                 ADD   R7 R7 R2
(302F) 0FF1  0000111111110001 (  65)                 BRNZP positive
(3030) 1FC5  0001111111000101 (  67) negative        ADD   R7 R7 R5
(3031) 0202  0000001000000010 (  68)                 BRP   remainn
(3032) 14A1  0001010010100001 (  69)                 ADD   R2 R2 #1
(3033) 0FFC  0000111111111100 (  70)                 BRNZP negative
(3034) 13F0  0001001111110000 (  72) remainn         ADD   R1 R7 #-16
(3035) 1921  0001100100100001 (  73)                 ADD   R4 R4 #1
(3036) 1676  0001011001110110 (  74)                 ADD   R3 R1 #-10
(3037) 09D4  0000100111010100 (  75)                 BRN   display
(3038) 0E00  0000111000000000 (  76)                 BRNZP convert
(3039) 56E0  0101011011100000 (  78) convert         AND   R3 R3 #0
(303A) 1676  0001011001110110 (  79)                 ADD   R3 R1 #-10
(303B) 040A  0000010000001010 (  80)                 BRZ   x3046
(303C) 1675  0001011001110101 (  81)                 ADD   R3 R1 #-11
(303D) 040B  0000010000001011 (  82)                 BRZ   x3049
(303E) 1674  0001011001110100 (  83)                 ADD   R3 R1 #-12
(303F) 040C  0000010000001100 (  84)                 BRZ   x304C
(3040) 1673  0001011001110011 (  85)                 ADD   R3 R1 #-13
(3041) 040D  0000010000001101 (  86)                 BRZ   x304F
(3042) 1672  0001011001110010 (  87)                 ADD   R3 R1 #-14
(3043) 040E  0000010000001110 (  88)                 BRZ   x3052
(3044) 1671  0001011001110001 (  89)                 ADD   R3 R1 #-15
(3045) 040F  0000010000001111 (  90)                 BRZ   x3055
(3046) C1C0  1100000111000000 (  91)                 RET   
(3047) E22F  1110001000101111 (  93) XA              LEA   R1 ASCIIA
(3048) 0FCD  0000111111001101 (  94)                 BRNZP displayhex
(3049) E22F  1110001000101111 (  96) XB              LEA   R1 ASCIIB
(304A) 0FCB  0000111111001011 (  97)                 BRNZP displayhex
(304B) E22F  1110001000101111 (  99) XC              LEA   R1 ASCIIC
(304C) 0FC9  0000111111001001 ( 100)                 BRNZP displayhex
(304D) E22F  1110001000101111 ( 102) XD              LEA   R1 ASCIID
(304E) 0FC7  0000111111000111 ( 103)                 BRNZP displayhex
(304F) E22F  1110001000101111 ( 105) XE              LEA   R1 ASCIIE
(3050) 0FC5  0000111111000101 ( 106)                 BRNZP displayhex
(3051) E22F  1110001000101111 ( 108) XF              LEA   R1 ASCIIF
(3052) 0FC3  0000111111000011 ( 109)                 BRNZP displayhex
(3053) 0010  0000000000010000 ( 150) b               .FILL x0010
(3054) 000A  0000000000001010 ( 151) n               .FILL x000A
(3055) 0000  0000000000000000 ( 151)                 .FILL x0000
(3056) 0072  0000000001110010 ( 152) cou             .FILL x0072
(3057) 0065  0000000001100101 ( 152)                 .FILL x0065
(3058) 006D  0000000001101101 ( 152)                 .FILL x006D
(3059) 0061  0000000001100001 ( 152)                 .FILL x0061
(305A) 0069  0000000001101001 ( 152)                 .FILL x0069
(305B) 006E  0000000001101110 ( 152)                 .FILL x006E
(305C) 0064  0000000001100100 ( 152)                 .FILL x0064
(305D) 0065  0000000001100101 ( 152)                 .FILL x0065
(305E) 0072  0000000001110010 ( 152)                 .FILL x0072
(305F) 0020  0000000000100000 ( 152)                 .FILL x0020
(3060) 0069  0000000001101001 ( 152)                 .FILL x0069
(3061) 0073  0000000001110011 ( 152)                 .FILL x0073
(3062) 0020  0000000000100000 ( 152)                 .FILL x0020
(3063) 003A  0000000000111010 ( 152)                 .FILL x003A
(3064) 0000  0000000000000000 ( 152)                 .FILL x0000
(3065) 0065  0000000001100101 ( 153) input           .FILL x0065
(3066) 006E  0000000001101110 ( 153)                 .FILL x006E
(3067) 0074  0000000001110100 ( 153)                 .FILL x0074
(3068) 0065  0000000001100101 ( 153)                 .FILL x0065
(3069) 0072  0000000001110010 ( 153)                 .FILL x0072
(306A) 0020  0000000000100000 ( 153)                 .FILL x0020
(306B) 0061  0000000001100001 ( 153)                 .FILL x0061
(306C) 0020  0000000000100000 ( 153)                 .FILL x0020
(306D) 006E  0000000001101110 ( 153)                 .FILL x006E
(306E) 0075  0000000001110101 ( 153)                 .FILL x0075
(306F) 006D  0000000001101101 ( 153)                 .FILL x006D
(3070) 0062  0000000001100010 ( 153)                 .FILL x0062
(3071) 0065  0000000001100101 ( 153)                 .FILL x0065
(3072) 0072  0000000001110010 ( 153)                 .FILL x0072
(3073) 003A  0000000000111010 ( 153)                 .FILL x003A
(3074) 0000  0000000000000000 ( 153)                 .FILL x0000
(3075) 0000  0000000000000000 ( 155) quo             .FILL x0000
(3076) 0000  0000000000000000 ( 156) rem             .FILL x0000
(3077) 0041  0000000001000001 ( 156) ASCIIA          .FILL x0041
(3078) 0000  0000000000000000 ( 156)                 .FILL x0000
(3079) 0042  0000000001000010 ( 157) ASCIIB          .FILL x0042
(307A) 0000  0000000000000000 ( 157)                 .FILL x0000
(307B) 0043  0000000001000011 ( 158) ASCIIC          .FILL x0043
(307C) 0000  0000000000000000 ( 158)                 .FILL x0000
(307D) 0044  0000000001000100 ( 159) ASCIID          .FILL x0044
(307E) 0000  0000000000000000 ( 159)                 .FILL x0000
(307F) 0045  0000000001000101 ( 160) ASCIIE          .FILL x0045
(3080) 0000  0000000000000000 ( 160)                 .FILL x0000
(3081) 0046  0000000001000110 ( 161) ASCIIF          .FILL x0046
(3082) 0000  0000000000000000 ( 161)                 .FILL x0000
(3083) F025  1111000000100101 ( 162) end             TRAP  x25
